c:\hemmaprojekt\project\debug\vc140.pdb
c:\hemmaprojekt\project\debug\vc140.idb
c:\hemmaprojekt\project\debug\camera.obj
c:\hemmaprojekt\project\debug\heightmap.obj
c:\hemmaprojekt\project\debug\main.obj
c:\hemmaprojekt\project\debug\objimporter.obj
c:\hemmaprojekt\project\debug\particles.obj
c:\hemmaprojekt\project\debug\quadtree.obj
c:\hemmaprojekt\project\debug\graphicsmanager.obj
c:\hemmaprojekt\project\debug\windowmanager.obj
c:\hemmaprojekt\project\debug\contentmanager.obj
c:\hemmaprojekt\project\debug\boxpixelshader.cso
c:\hemmaprojekt\project\debug\boxvertexshader.cso
c:\hemmaprojekt\project\debug\deferredpixelshader.cso
c:\hemmaprojekt\project\debug\deferredvertexshader.cso
c:\hemmaprojekt\project\debug\geometryshader.cso
c:\hemmaprojekt\project\debug\hmpixelshader.cso
c:\hemmaprojekt\project\debug\hmvertexshader.cso
c:\hemmaprojekt\project\debug\pcomputeshader.cso
c:\hemmaprojekt\project\debug\pgeometryshader.cso
c:\hemmaprojekt\project\debug\pixelshader.cso
c:\hemmaprojekt\project\debug\ppixelshader.cso
c:\hemmaprojekt\project\debug\pvertexshader.cso
c:\hemmaprojekt\project\debug\shadowmappixelshader.cso
c:\hemmaprojekt\project\debug\shadowmapvertexshader.cso
c:\hemmaprojekt\project\debug\vertexshader.cso
c:\git\temp\ud1416-kandidaten\project\debug\boxpixelshader.cso
c:\git\temp\ud1416-kandidaten\project\debug\boxvertexshader.cso
c:\git\temp\ud1416-kandidaten\project\debug\deferredpixelshader.cso
c:\git\temp\ud1416-kandidaten\project\debug\deferredvertexshader.cso
c:\git\temp\ud1416-kandidaten\project\debug\geometryshader.cso
c:\git\temp\ud1416-kandidaten\project\debug\hmpixelshader.cso
c:\git\temp\ud1416-kandidaten\project\debug\hmvertexshader.cso
c:\git\temp\ud1416-kandidaten\project\debug\pcomputeshader.cso
c:\git\temp\ud1416-kandidaten\project\debug\pgeometryshader.cso
c:\git\temp\ud1416-kandidaten\project\debug\pixelshader.cso
c:\git\temp\ud1416-kandidaten\project\debug\ppixelshader.cso
c:\git\temp\ud1416-kandidaten\project\debug\pvertexshader.cso
c:\git\temp\ud1416-kandidaten\project\debug\shadowmappixelshader.cso
c:\git\temp\ud1416-kandidaten\project\debug\shadowmapvertexshader.cso
c:\git\temp\ud1416-kandidaten\project\debug\vertexshader.cso
c:\hemmaprojekt\project\debug\demo.ilk
c:\hemmaprojekt\project\debug\demo.exe
c:\hemmaprojekt\project\debug\demo.pdb
c:\git\temp\ud1416-kandidaten\project\debug\demo.vcxprojresolveassemblyreference.cache
c:\git\temp\ud1416-kandidaten\project\debug\camera.obj
c:\git\temp\ud1416-kandidaten\project\debug\contentmanager.obj
c:\git\temp\ud1416-kandidaten\project\debug\graphicsmanager.obj
c:\git\temp\ud1416-kandidaten\project\debug\heightmap.obj
c:\git\temp\ud1416-kandidaten\project\debug\main.obj
c:\git\temp\ud1416-kandidaten\project\debug\objimporter.obj
c:\git\temp\ud1416-kandidaten\project\debug\particles.obj
c:\git\temp\ud1416-kandidaten\project\debug\quadtree.obj
c:\git\temp\ud1416-kandidaten\project\debug\windowmanager.obj
c:\git\temp\ud1416-kandidaten\project\debug\contentmanager.obj.enc
c:\git\temp\ud1416-kandidaten\project\debug\demo.ilk
c:\git\temp\ud1416-kandidaten\project\debug\vc140.idb
c:\git\temp\ud1416-kandidaten\project\debug\demo.pdb
c:\git\temp\ud1416-kandidaten\project\debug\vc140.pdb
c:\git\temp\ud1416-kandidaten\project\debug\demo.exe
c:\git\temp\ud1416-kandidaten\project\debug\demo.tlog\cl.command.1.tlog
c:\git\temp\ud1416-kandidaten\project\debug\demo.tlog\cl.read.1.tlog
c:\git\temp\ud1416-kandidaten\project\debug\demo.tlog\cl.write.1.tlog
c:\git\temp\ud1416-kandidaten\project\debug\demo.tlog\demo.write.1u.tlog
c:\git\temp\ud1416-kandidaten\project\debug\demo.tlog\fxc.command.1.tlog
c:\git\temp\ud1416-kandidaten\project\debug\demo.tlog\fxc.read.1.tlog
c:\git\temp\ud1416-kandidaten\project\debug\demo.tlog\fxc.write.1.tlog
c:\git\temp\ud1416-kandidaten\project\debug\demo.tlog\link.command.1.tlog
c:\git\temp\ud1416-kandidaten\project\debug\demo.tlog\link.read.1.tlog
c:\git\temp\ud1416-kandidaten\project\debug\demo.tlog\link.write.1.tlog
