  main.cpp
  WindowManager.cpp
  ToneMapping.cpp
  Text.cpp
  Lightning.cpp
  GraphicsManager.cpp
  Compositing.cpp
  AntiAliasing.cpp
  Generating Code...
Compositing.obj : error LNK2005: "class Compositing compositing" (?compositing@@3VCompositing@@A) already defined in AntiAliasing.obj
Compositing.obj : error LNK2005: "class ToneMapping toneMapping" (?toneMapping@@3VToneMapping@@A) already defined in AntiAliasing.obj
Compositing.obj : error LNK2005: "class Text text" (?text@@3VText@@A) already defined in AntiAliasing.obj
Compositing.obj : error LNK2005: "class AntiAliasing antiAliasing" (?antiAliasing@@3VAntiAliasing@@A) already defined in AntiAliasing.obj
Compositing.obj : error LNK2005: "class Lightning lightning" (?lightning@@3VLightning@@A) already defined in AntiAliasing.obj
Lightning.obj : error LNK2005: "class Lightning lightning" (?lightning@@3VLightning@@A) already defined in AntiAliasing.obj
Lightning.obj : error LNK2005: "class ToneMapping toneMapping" (?toneMapping@@3VToneMapping@@A) already defined in AntiAliasing.obj
Lightning.obj : error LNK2005: "class Text text" (?text@@3VText@@A) already defined in AntiAliasing.obj
Lightning.obj : error LNK2005: "class AntiAliasing antiAliasing" (?antiAliasing@@3VAntiAliasing@@A) already defined in AntiAliasing.obj
Lightning.obj : error LNK2005: "class Compositing compositing" (?compositing@@3VCompositing@@A) already defined in AntiAliasing.obj
main.obj : error LNK2005: "class ToneMapping toneMapping" (?toneMapping@@3VToneMapping@@A) already defined in AntiAliasing.obj
main.obj : error LNK2005: "class Text text" (?text@@3VText@@A) already defined in AntiAliasing.obj
main.obj : error LNK2005: "class AntiAliasing antiAliasing" (?antiAliasing@@3VAntiAliasing@@A) already defined in AntiAliasing.obj
main.obj : error LNK2005: "class Compositing compositing" (?compositing@@3VCompositing@@A) already defined in AntiAliasing.obj
main.obj : error LNK2005: "class Lightning lightning" (?lightning@@3VLightning@@A) already defined in AntiAliasing.obj
GraphicsManager.obj : error LNK2005: "class ToneMapping toneMapping" (?toneMapping@@3VToneMapping@@A) already defined in AntiAliasing.obj
GraphicsManager.obj : error LNK2005: "class Text text" (?text@@3VText@@A) already defined in AntiAliasing.obj
GraphicsManager.obj : error LNK2005: "class AntiAliasing antiAliasing" (?antiAliasing@@3VAntiAliasing@@A) already defined in AntiAliasing.obj
GraphicsManager.obj : error LNK2005: "class Compositing compositing" (?compositing@@3VCompositing@@A) already defined in AntiAliasing.obj
GraphicsManager.obj : error LNK2005: "class Lightning lightning" (?lightning@@3VLightning@@A) already defined in AntiAliasing.obj
Text.obj : error LNK2005: "class Text text" (?text@@3VText@@A) already defined in AntiAliasing.obj
Text.obj : error LNK2005: "class ToneMapping toneMapping" (?toneMapping@@3VToneMapping@@A) already defined in AntiAliasing.obj
Text.obj : error LNK2005: "class AntiAliasing antiAliasing" (?antiAliasing@@3VAntiAliasing@@A) already defined in AntiAliasing.obj
Text.obj : error LNK2005: "class Compositing compositing" (?compositing@@3VCompositing@@A) already defined in AntiAliasing.obj
Text.obj : error LNK2005: "class Lightning lightning" (?lightning@@3VLightning@@A) already defined in AntiAliasing.obj
ToneMapping.obj : error LNK2005: "class ToneMapping toneMapping" (?toneMapping@@3VToneMapping@@A) already defined in AntiAliasing.obj
ToneMapping.obj : error LNK2005: "class Text text" (?text@@3VText@@A) already defined in AntiAliasing.obj
ToneMapping.obj : error LNK2005: "class AntiAliasing antiAliasing" (?antiAliasing@@3VAntiAliasing@@A) already defined in AntiAliasing.obj
ToneMapping.obj : error LNK2005: "class Compositing compositing" (?compositing@@3VCompositing@@A) already defined in AntiAliasing.obj
ToneMapping.obj : error LNK2005: "class Lightning lightning" (?lightning@@3VLightning@@A) already defined in AntiAliasing.obj
WindowManager.obj : error LNK2005: "class ToneMapping toneMapping" (?toneMapping@@3VToneMapping@@A) already defined in AntiAliasing.obj
WindowManager.obj : error LNK2005: "class Text text" (?text@@3VText@@A) already defined in AntiAliasing.obj
WindowManager.obj : error LNK2005: "class AntiAliasing antiAliasing" (?antiAliasing@@3VAntiAliasing@@A) already defined in AntiAliasing.obj
WindowManager.obj : error LNK2005: "class Compositing compositing" (?compositing@@3VCompositing@@A) already defined in AntiAliasing.obj
WindowManager.obj : error LNK2005: "class Lightning lightning" (?lightning@@3VLightning@@A) already defined in AntiAliasing.obj
C:\Users\BTH\Documents\GitHub\UD1416-Kandidaten\Project\Debug\Demo.exe : fatal error LNK1169: one or more multiply defined symbols found
